<?xml version="1.0" encoding="UTF-8"?>
<!-- Generated by org.testng.reporters.JUnitReportReporter -->
<testsuite hostname="DESKTOP-TG2B0T8" failures="0" tests="3" name="seleniumpractice.seleniumtests.SubmitOrderTest" time="10.763" errors="0" timestamp="2023-12-14T02:51:24 IST" skipped="0">
  <testcase classname="seleniumpractice.seleniumtests.SubmitOrderTest" name="OrderHistoryTest" time="2.434"/>
  <testcase classname="seleniumpractice.seleniumtests.SubmitOrderTest" name="submitOrder" time="4.021"/>
  <testcase classname="seleniumpractice.seleniumtests.SubmitOrderTest" name="submitOrder" time="4.308"/>
</testsuite> <!-- seleniumpractice.seleniumtests.SubmitOrderTest -->
