<?xml version="1.0" encoding="UTF-8"?>
<!-- Generated by org.testng.reporters.JUnitReportReporter -->
<testsuite hostname="DESKTOP-TG2B0T8" failures="0" tests="1" name="seleniumpractice.seleniumtests.ErrorValidation" time="3.628" errors="0" timestamp="2023-12-13T14:30:46 IST" skipped="0">
  <testcase classname="seleniumpractice.seleniumtests.ErrorValidation" name="submitOrder" time="3.628"/>
</testsuite> <!-- seleniumpractice.seleniumtests.ErrorValidation -->
