<?xml version="1.0" encoding="UTF-8"?>
<!-- Generated by org.testng.reporters.JUnitReportReporter -->
<testsuite hostname="DESKTOP-TG2B0T8" failures="0" tests="1" name="seleniumpractice.seleniumtests.ErrorValidationTest" time="46.421" errors="0" timestamp="2023-12-18T13:38:31 IST" skipped="0">
  <testcase classname="seleniumpractice.seleniumtests.ErrorValidationTest" name="invalidLoginTest" time="46.421"/>
</testsuite> <!-- seleniumpractice.seleniumtests.ErrorValidationTest -->
