<?xml version="1.0" encoding="UTF-8"?>
<!-- Generated by org.testng.reporters.JUnitReportReporter -->
<testsuite hostname="DESKTOP-TG2B0T8" failures="0" tests="3" name="seleniumpractice.seleniumtests.SubmitOrderTest" time="10.739" errors="0" timestamp="2023-12-18T13:38:31 IST" skipped="0">
  <testcase classname="seleniumpractice.seleniumtests.SubmitOrderTest" name="OrderHistoryTest" time="2.467"/>
  <testcase classname="seleniumpractice.seleniumtests.SubmitOrderTest" name="submitOrder" time="4.291"/>
  <testcase classname="seleniumpractice.seleniumtests.SubmitOrderTest" name="submitOrder" time="3.981"/>
</testsuite> <!-- seleniumpractice.seleniumtests.SubmitOrderTest -->
